<?xml version="1.0" encoding="UTF-8"?>
<!-- Generated by org.testng.reporters.JUnitReportReporter -->
<testsuite hostname="WIN-DRJ2SGOPNCT" name="failtc_exectn_pkg.demo_A" tests="1" failures="0" timestamp="19 Apr 2019 08:40:21 GMT" time="13.693" errors="0">
  <testcase name="Test" time="13.693" classname="failtc_exectn_pkg.demo_A"/>
</testsuite> <!-- failtc_exectn_pkg.demo_A -->
