<?xml version="1.0" encoding="UTF-8"?>
<!-- Generated by org.testng.reporters.JUnitReportReporter -->
<testsuite hostname="WIN-DRJ2SGOPNCT" name="shubhamtng.shubh1" tests="1" failures="0" timestamp="16 Apr 2019 06:26:01 GMT" time="0.008" errors="0">
  <testcase name="f" time="0.008" classname="shubhamtng.shubh1"/>
</testsuite> <!-- shubhamtng.shubh1 -->
