<?xml version="1.0" encoding="UTF-8"?>
<!-- Generated by org.testng.reporters.JUnitReportReporter -->
<testsuite hostname="WIN-DRJ2SGOPNCT" name="snehalFwait" tests="1" failures="0" timestamp="10 Apr 2019 05:22:33 GMT" time="22.262" errors="0">
  <testcase name="fluentWaitMethod" time="22.262" classname="snehalFwait"/>
</testsuite> <!-- snehalFwait -->
