<?xml version="1.0" encoding="UTF-8"?>
<!-- Generated by org.testng.reporters.JUnitReportReporter -->
<testsuite hostname="WIN-DRJ2SGOPNCT" name="tstng.Data_Provider" tests="2" failures="0" timestamp="19 Jul 2019 06:17:40 GMT" time="7.229" errors="0">
  <testcase name="loginNewTours" time="3.920" classname="tstng.Data_Provider"/>
  <testcase name="loginNewTours" time="3.309" classname="tstng.Data_Provider"/>
</testsuite> <!-- tstng.Data_Provider -->
