<?xml version="1.0" encoding="UTF-8"?>
<!-- Generated by org.testng.reporters.JUnitReportReporter -->
<testsuite hostname="WIN-DRJ2SGOPNCT" name="tstng.sam1" tests="3" failures="0" timestamp="19 Jul 2019 05:32:39 GMT" time="0.013" errors="0">
  <testcase name="hariom" time="0.009" classname="tstng.sam1"/>
  <testcase name="monica" time="0.003" classname="tstng.sam1"/>
  <testcase name="swapnil" time="0.001" classname="tstng.sam1"/>
</testsuite> <!-- tstng.sam1 -->
