<?xml version="1.0" encoding="UTF-8"?>
<!-- Generated by org.testng.reporters.JUnitReportReporter -->
<testsuite hostname="WIN-DRJ2SGOPNCT" name="tstng.test_pr" tests="4" failures="0" timestamp="17 Jul 2019 10:48:01 GMT" time="0.010" errors="0">
  <testcase name="priya" time="0.002" classname="tstng.test_pr"/>
  <testcase name="aaditya" time="0.003" classname="tstng.test_pr"/>
  <testcase name="tejaswai" time="0.003" classname="tstng.test_pr"/>
  <testcase name="bhagyashri" time="0.002" classname="tstng.test_pr"/>
</testsuite> <!-- tstng.test_pr -->
