<?xml version="1.0" encoding="UTF-8"?>
<!-- Generated by org.testng.reporters.JUnitReportReporter -->
<testsuite hostname="WIN-DRJ2SGOPNCT" name="tstng.grouping_testNG" tests="3" failures="0" timestamp="19 Jul 2019 05:55:56 GMT" time="0.017" errors="0">
  <testcase name="monica" time="0.011" classname="tstng.grouping_testNG"/>
  <testcase name="hariom" time="0.002" classname="tstng.grouping_testNG"/>
  <testcase name="swapnil" time="0.004" classname="tstng.grouping_testNG"/>
</testsuite> <!-- tstng.grouping_testNG -->
