<?xml version="1.0" encoding="UTF-8"?>
<!-- Generated by org.testng.reporters.JUnitReportReporter -->
<testsuite hostname="WIN-DRJ2SGOPNCT" name="tstng.parameterisation_TNG" tests="1" failures="0" timestamp="19 Jul 2019 08:17:20 GMT" time="4.886" errors="0">
  <testcase name="orangelogin" time="4.886" classname="tstng.parameterisation_TNG"/>
</testsuite> <!-- tstng.parameterisation_TNG -->
