<?xml version="1.0" encoding="UTF-8"?>
<!-- Generated by org.testng.reporters.JUnitReportReporter -->
<testsuite hostname="WIN-DRJ2SGOPNCT" name="keywrd_dependson" tests="3" failures="0" timestamp="8 Apr 2019 06:31:14 GMT" time="0.020" errors="0">
  <testcase name="executSessionThree" time="0.002" classname="keywrd_dependson"/>
  <testcase name="executeSessionTwo" time="0.000" classname="keywrd_dependson"/>
  <testcase name="executSessionOne" time="0.018" classname="keywrd_dependson"/>
</testsuite> <!-- keywrd_dependson -->
