<?xml version="1.0" encoding="UTF-8"?>
<!-- Generated by org.testng.reporters.JUnitReportReporter -->
<testsuite hostname="WIN-DRJ2SGOPNCT" name="src.ClickOnAllLinksGoogle" tests="4" failures="0" timestamp="18 Jul 2019 07:03:41 GMT" time="26.796" errors="0">
  <testcase name="gmail" time="15.278" classname="src.ClickOnAllLinksGoogle"/>
  <testcase name="Business" time="2.426" classname="src.ClickOnAllLinksGoogle"/>
  <testcase name="images" time="4.464" classname="src.ClickOnAllLinksGoogle"/>
  <testcase name="Advertising" time="4.628" classname="src.ClickOnAllLinksGoogle"/>
</testsuite> <!-- src.ClickOnAllLinksGoogle -->
