<?xml version="1.0" encoding="UTF-8"?>
<!-- Generated by org.testng.reporters.JUnitReportReporter -->
<testsuite hostname="WIN-DRJ2SGOPNCT" name="src.b4andaftermethod" tests="3" failures="0" timestamp="19 Jul 2019 05:38:54 GMT" time="26.315" errors="0">
  <testcase name="Advertising" time="3.930" classname="src.b4andaftermethod"/>
  <testcase name="gmail" time="16.401" classname="src.b4andaftermethod"/>
  <testcase name="images" time="5.984" classname="src.b4andaftermethod"/>
</testsuite> <!-- src.b4andaftermethod -->
