<?xml version="1.0" encoding="UTF-8"?>
<!-- Generated by org.testng.reporters.JUnitReportReporter -->
<testsuite hostname="WIN-DRJ2SGOPNCT" name="src.test_pr" tests="8" failures="0" timestamp="18 Jul 2019 07:27:47 GMT" time="0.037" errors="0">
  <testcase name="tc" time="0.001" classname="src.test_pr"/>
  <testcase name="bc" time="0.002" classname="src.test_pr"/>
  <testcase name="cc" time="0.002" classname="src.test_pr"/>
  <testcase name="bc1" time="0.009" classname="src.test_pr"/>
  <testcase name="ec" time="0.002" classname="src.test_pr"/>
  <testcase name="ac" time="0.019" classname="src.test_pr"/>
  <testcase name="gc" time="0.001" classname="src.test_pr"/>
  <testcase name="fc" time="0.001" classname="src.test_pr"/>
</testsuite> <!-- src.test_pr -->
